::1 GET /products 200 315 - 17.945 ms
::1 GET /products/691bdc0b3f48d97071bff3da 401 39 - 1.212 ms
::1 POST /auth/login 200 198 - 88.438 ms
::1 GET /products/691bdc0b3f48d97071bff3da 200 177 - 9.668 ms
::1 POST /auth/login 200 198 - 84.660 ms
::1 GET /products 200 315 - 8.819 ms
::1 DELETE /products/691c96837cdd12fc9cedd261 404 50 - 8.926 ms
::1 DELETE /products/691c968c7cdd12fc9cedd263 200 159 - 4.747 ms
::1 GET /products 401 45 - 5.123 ms
::1 POST /auth/login 200 198 - 92.314 ms
::1 GET /products 200 179 - 5.846 ms
::1 GET /products/691bdc0b3f48d97071bff3da 401 45 - 0.837 ms
::1 GET /products/691bdc0b3f48d97071bff3da 401 41 - 0.355 ms
::1 GET /products/691bdc0b3f48d97071bff3da 401 41 - 0.349 ms
::1 GET /products/691bdc0b3f48d97071bff3da 200 177 - 8.540 ms
::1 POST /auth/register 200 165 - 89.813 ms
::1 POST /auth/register 200 165 - 63.991 ms
::1 POST /auth/login 200 198 - 72.472 ms
::1 POST /products 201 180 - 5.380 ms
::1 POST /products 201 180 - 3.378 ms
::1 POST /products 201 180 - 3.260 ms
::1 GET /products 200 650 - 3.810 ms
::1 GET /products 200 650 - 4.171 ms
::1 GET /products/69236f396967efba056916e3 200 180 - 2.825 ms
::1 PATCH /products/69236f396967efba056916e3 401 45 - 0.750 ms
::1 PATCH /products/69236f396967efba056916e3 200 159 - 10.731 ms
::1 GET /products 200 629 - 3.618 ms
::1 POST /auth/register 200 165 - 148.662 ms
::1 POST /auth/login 200 198 - 119.180 ms
::1 GET /products 200 26 - 47.695 ms
::1 POST /products 201 178 - 51.127 ms
::1 POST /products 201 180 - 49.798 ms
::1 POST /products 201 180 - 51.335 ms
::1 POST /products 201 180 - 50.915 ms
::1 GET /products 200 651 - 56.116 ms
::1 GET /products/692380d3753f5b7cd2fce02f 401 39 - 1.896 ms
::1 GET /products/692380d3753f5b7cd2fce02f 200 180 - 46.253 ms
