::1 GET / 200 15 - 3.478 ms
::1 GET /favicon.ico 404 54 - 0.544 ms
::1 GET /products 200 26 - 48.180 ms
::ffff:127.0.0.1 GET /products 200 2920 - 1298.397 ms
::1 GET /products 304 - - 53.726 ms
::1 GET /products?name=Mesa%20-%202 200 191 - 38.819 ms
::1 GET /products?name=Mesa 200 26 - 37.138 ms
::1 GET /products?name=Mesa-2 200 26 - 37.921 ms
::1 GET /products?name=Mesa-2 304 - - 38.709 ms
::1 GET /products 304 - - 41.068 ms
::1 GET /products?name=Camiseta%20River%20Plate%203 200 182 - 35.871 ms
::1 GET /products?name=Camiseta%20River%20Plate%203 304 - - 50.214 ms
::1 GET /products?name=Mesa-2 304 - - 47.577 ms
::1 GET /products?name=Mesa-2&stock=20 200 26 - 38.092 ms
::1 GET /products 304 - - 58.335 ms
::1 GET /products?name=Mesa-2&stock=100 200 26 - 38.187 ms
::1 GET /products?name=Mesa-2&stock=20 304 - - 37.201 ms
::1 GET /products?name=Mesa-2 304 - - 42.655 ms
::1 GET /products?name=Mesa-2&stock=100&price=1000000 200 26 - 40.164 ms
::1 GET /products 304 - - 34.909 ms
::1 GET /products?name=Mesa-2&stock=100&price=1000 200 26 - 90.061 ms
::1 GET /products?name=Mesa-2&stock=100&price=1000&pepe=12&caca=pompa 200 26 - 48.848 ms
::1 GET /products 200 4364 - 61.362 ms
::1 GET /products?pepe=1 200 4364 - 61.043 ms
::1 GET /products?pepe=1&cuidad=VH 200 4364 - 38.347 ms
::1 GET /products?pepe=1&cuidad=VH&marca=Chivo 200 4364 - 36.411 ms
::1 GET /products 304 - - 66.372 ms
::1 GET /products 304 - - 36.014 ms
::1 GET /products?name=Camiseta 200 2386 - 36.166 ms
::1 GET /products?name=Camiseta 304 - - 492.171 ms
::1 GET /products?name=Camiseta&stock=200 200 374 - 49.184 ms
::1 GET /products?name=Camiseta&stock=200&category=ro 200 374 - 51.864 ms
::1 GET /products?name=bot&stock=4 200 160 - 55.419 ms
::1 GET /products?name=bot&stock=3 200 26 - 36.734 ms
::1 GET /products?name=bot&stock=4&category=tes 200 160 - 41.469 ms
::1 GET /products?name=bot&stock=4&category=tor 200 26 - 36.314 ms
::1 GET /products?name=bot&stock=4&category=tes&minPrice=9 200 26 - 42.259 ms
::1 GET /products?name=bot&stock=4&category=tes&minPrice=11 200 26 - 38.091 ms
::1 GET /products?name=bot&stock=4&category=tes&minPrice=5 200 26 - 37.466 ms
::1 GET /products?name=bot&stock=4&category=tes&minPrice=10 200 26 - 49.208 ms
::1 GET /products?name=bot&stock=4&category=tes 304 - - 40.935 ms
::1 GET /products?name=bot&stock=4&category=tes&maxPrice=10 200 26 - 44.363 ms
::1 GET /products?name=bot&stock=4&category=tes&price=10 200 160 - 37.534 ms
::1 GET /products?name=bot&stock=4&category=tes&minPrice=10 200 160 - 50.327 ms
::1 GET /products?name=bot&stock=4&category=tes&maxPrice=10 200 160 - 38.953 ms
::1 GET /products?name=bot&stock=4&category=tes&maxPrice=9 200 26 - 37.506 ms
::1 GET /products?name=bot&stock=4&category=tes&maxPrice=10 304 - - 37.895 ms
::1 GET /products?name=bot&stock=4&category=tes&maxPrice=11 200 160 - 36.981 ms
