::1 POST /auth/register 200 163 - 108.797 ms
::1 POST /auth/login 200 198 - 81.960 ms
::1 GET /products 200 315 - 6.873 ms
::1 GET /products/691bdc0b3f48d97071bff3da 401 39 - 1.603 ms
::1 GET /products/691bdc0b3f48d97071bff3da 200 177 - 4.020 ms
::1 GET /products 200 315 - 20.707 ms
::1 GET /products 200 315 - 6.699 ms
::1 GET /products 200 315 - 6.733 ms
::1 GET /products 200 315 - 3.731 ms
::1 GET /products 200 315 - 4.856 ms
::1 GET /products 429 75 - 0.790 ms
::1 GET /products 429 75 - 0.413 ms
::1 GET /products 429 75 - 0.311 ms
::1 GET /products 429 75 - 1.128 ms
::1 POST /auth/register 400 43 - 3.682 ms
::1 POST /auth/register 400 43 - 1.342 ms
::1 POST /auth/register 400 43 - 0.592 ms
::1 POST /auth/register 400 43 - 0.605 ms
::1 POST /auth/register 400 43 - 0.730 ms
::1 POST /auth/register 429 75 - 0.562 ms
::1 POST /auth/login 429 75 - 0.417 ms
::1 POST /auth/login 429 75 - 0.346 ms
::1 DELETE /products/691c96837cdd12fc9cedd261 401 39 - 8.021 ms
::1 POST /auth/register 400 43 - 3.209 ms
