::1 GET /products? 200 4540 - 53.807 ms
::1 GET /products? 304 - - 43.138 ms
::1 GET / 200 15 - 0.385 ms
::1 GET /products?name=bot&stock=4&category=tes 200 160 - 44.120 ms
::1 GET /products 200 4540 - 59.382 ms
::1 GET /products? 304 - - 74.018 ms
::1 GET /products? 304 - - 43.339 ms
::1 GET /products? 304 - - 42.943 ms
::1 GET /products? 304 - - 44.962 ms
::1 GET /products? 401 48 - 1.523 ms
::1 GET /products? 401 48 - 0.400 ms
::1 GET /products? 304 - - 63.988 ms
::1 GET /products? 304 - - 57.406 ms
::1 GET /products 304 - - 45.347 ms
::1 GET /products? 304 - - 44.382 ms
::1 GET /products? 304 - - 43.923 ms
::1 GET /products? 304 - - 44.167 ms
::1 GET /products? 304 - - 43.974 ms
::1 GET /products? 304 - - 43.871 ms
::1 GET /products? 304 - - 43.449 ms
::1 GET /products? 304 - - 59.153 ms
::1 GET /products? 304 - - 308.329 ms
::1 POST /auth/register 200 166 - 130.687 ms
::1 POST /auth/register 201 163 - 129.493 ms
::1 POST /auth/register 409 73 - 109.846 ms
::1 POST /auth/register 409 69 - 52.841 ms
::1 POST /auth/register 409 69 - 53.344 ms
::1 POST /auth/register 409 69 - 44.834 ms
::1 POST /auth/register 201 168 - 182.654 ms
::1 POST /auth/register 409 69 - 41.852 ms
::1 POST /auth/register 201 168 - 176.906 ms
::1 GET /products? 304 - - 47.103 ms
::1 GET /products? 304 - - 66.836 ms
::1 GET /auth/login 404 54 - 1.092 ms
::1 POST /auth/login 401 41 - 139.216 ms
::1 POST /auth/login 401 41 - 101.183 ms
::1 POST /auth/login 200 198 - 106.577 ms
::1 POST /auth/login 200 198 - 109.936 ms
::1 POST /auth/login 401 41 - 103.267 ms
::1 POST /auth/login 401 41 - 101.155 ms
::1 POST /auth/login 200 198 - 103.101 ms
::1 GET /products? 304 - - 59.496 ms
::1 GET /products? 304 - - 42.700 ms
::1 GET /products? 304 - - 66.592 ms
::1 GET /products? 304 - - 42.144 ms
::1 POST /auth/login 200 198 - 102.023 ms
::1 GET /products? 304 - - 44.926 ms
::1 GET /products? 304 - - 80.273 ms
::1 POST /auth/login 200 198 - 103.140 ms
::1 GET /products? 304 - - 43.553 ms
::1 GET /products? 304 - - 52.691 ms
::1 GET /products? 304 - - 45.442 ms
::1 GET /products? 304 - - 70.594 ms
::1 GET /products? 304 - - 52.347 ms
::1 GET /products? 304 - - 41.804 ms
::1 POST /auth/login 200 198 - 104.180 ms
::1 GET /products? 304 - - 44.687 ms
::1 GET /products? 304 - - 41.264 ms
::1 POST /auth/login 200 198 - 104.563 ms
::1 GET /products? 304 - - 45.281 ms
::1 GET /products? 304 - - 43.816 ms
::1 GET /products? 304 - - 42.441 ms
::1 GET /products? 304 - - 42.697 ms
::1 GET /products? 304 - - 77.721 ms
::1 GET /products? 304 - - 68.113 ms
::1 GET /products? 304 - - 46.682 ms
::1 GET /products? 304 - - 42.178 ms
::1 GET /products? 304 - - 41.631 ms
::1 GET /products? 304 - - 40.116 ms
::1 GET /products? 304 - - 44.726 ms
::1 GET /products? 304 - - 41.365 ms
::1 GET /products? 304 - - 42.691 ms
::1 GET /products? 304 - - 41.331 ms
::1 POST /auth/login 200 198 - 101.318 ms
::1 GET /products? 304 - - 40.710 ms
::1 GET /products? 304 - - 40.853 ms
::1 POST /auth/login 401 41 - 101.134 ms
::1 POST /auth/login 200 198 - 115.936 ms
::1 GET /products? 304 - - 44.742 ms
::1 GET /products? 304 - - 42.237 ms
::1 POST /products 201 194 - 77.132 ms
::1 GET /products? 200 4711 - 43.542 ms
::1 GET /products? 304 - - 44.014 ms
::1 POST /products 201 172 - 46.509 ms
::1 POST /auth/login 200 198 - 109.060 ms
::1 GET /products? 200 4860 - 43.057 ms
::1 GET /products? 304 - - 72.156 ms
::1 POST /products 201 162 - 53.724 ms
::1 POST /auth/login 200 198 - 109.606 ms
::1 GET /products? 200 4999 - 44.416 ms
::1 GET /products? 304 - - 42.083 ms
::1 POST /products 201 222 - 51.758 ms
::1 POST /products 201 222 - 56.682 ms
::1 GET /products? 200 5397 - 66.182 ms
::1 GET /products? 304 - - 41.706 ms
::1 POST /auth/login 200 198 - 139.967 ms
::1 GET /products? 304 - - 44.891 ms
::1 GET /products? 304 - - 44.931 ms
::1 POST /auth/login 429 75 - 0.476 ms
::1 POST /auth/login 429 75 - 0.308 ms
::1 POST /auth/login 200 198 - 102.311 ms
::1 GET /products? 200 5258 - 41.782 ms
::1 GET /products? 304 - - 42.549 ms
::1 GET /products? 304 - - 60.049 ms
::1 GET /products? 304 - - 42.804 ms
