::1 GET /No%20contiene%20imagen 404 54 - 1.430 ms
::1 GET /undefined 404 54 - 0.257 ms
::1 GET /uploads/1764790065483-89a42743-d059-456c-a5a1-52bcf599b2b0.jpg 404 54 - 2.470 ms
::1 GET /uploads/1764874746741-7cc02928-59fc-4c1f-a0cb-cd91beaed1ed.png 200 18566 - 4.795 ms
::1 POST /products 201 247 - 67.401 ms
::1 GET /No%20contiene%20imagen 404 54 - 0.203 ms
::1 GET /undefined 404 54 - 0.178 ms
::1 GET /uploads/1764790065483-89a42743-d059-456c-a5a1-52bcf599b2b0.jpg 404 54 - 1.683 ms
::1 GET /uploads/1765230451840-aed4d31b-7d97-4fdb-a8d9-afd888ef0ec6.png 200 18566 - 4.123 ms
::1 GET /No%20contiene%20imagen 404 54 - 1.888 ms
::1 GET /undefined 404 54 - 0.223 ms
::1 GET /uploads/1764874746741-7cc02928-59fc-4c1f-a0cb-cd91beaed1ed.png 304 - - 3.120 ms
::1 GET /uploads/1764790065483-89a42743-d059-456c-a5a1-52bcf599b2b0.jpg 404 54 - 3.425 ms
::1 POST /products 201 290 - 70.583 ms
::1 GET /No%20contiene%20imagen 404 54 - 0.220 ms
::1 GET /undefined 404 54 - 0.220 ms
::1 GET /uploads/1764874746741-7cc02928-59fc-4c1f-a0cb-cd91beaed1ed.png 304 - - 3.524 ms
::1 GET /uploads/1764790065483-89a42743-d059-456c-a5a1-52bcf599b2b0.jpg 404 54 - 3.448 ms
::1 GET /uploads/1765231239078-f2cfb922-1740-40a7-9677-32c18a69887b.png 200 12764 - 8.463 ms
::1 GET / 304 - - 1.494 ms
::1 POST /products 201 287 - 63.335 ms
::1 GET /No%20contiene%20imagen 404 54 - 0.381 ms
::1 GET /undefined 404 54 - 0.234 ms
::1 GET /uploads/1765231239078-f2cfb922-1740-40a7-9677-32c18a69887b.png 304 - - 6.739 ms
::1 GET /uploads/1764874746741-7cc02928-59fc-4c1f-a0cb-cd91beaed1ed.png 304 - - 6.013 ms
::1 GET /uploads/1764790065483-89a42743-d059-456c-a5a1-52bcf599b2b0.jpg 404 54 - 6.917 ms
::1 GET /uploads/1765231494860-68a5b93b-1e37-4455-9f5b-2a45c416f82e.png 200 12764 - 16.447 ms
